{
  "lex_picks": [
    "httpx/_decoders.py",
    "httpx/_models.py",
    "httpx/_client.py",
    "httpx/_urls.py",
    "httpx/_auth.py",
    "httpx/_exceptions.py",
    "httpx/_utils.py",
    "httpx/_urlparse.py",
    "httpx/_transports/wsgi.py",
    "httpx/_multipart.py"
  ],
  "sources": [
    "httpx/_decoders.py",
    "httpx/_models.py",
    "httpx/_client.py",
    "httpx/_urls.py",
    "httpx/_auth.py",
    "httpx/_exceptions.py"
  ],
  "pool": [
    [
      "httpx/_main.py",
      0.6621,
      1.0
    ],
    [
      "httpx/__init__.py",
      0.6006,
      1.0
    ],
    [
      "httpx/_api.py",
      0.5531,
      1.0
    ],
    [
      "httpx/_content.py",
      0.5335,
      1.0
    ],
    [
      "httpx/_types.py",
      0.4774,
      1.0
    ],
    [
      "httpx/_transports/default.py",
      0.3999,
      0.38
    ],
    [
      "httpx/_config.py",
      0.3229,
      1.0
    ],
    [
      "httpx/_transports/base.py",
      0.3036,
      0.38
    ],
    [
      "httpx/_transports/asgi.py",
      0.2965,
      0.38
    ],
    [
      "httpx/_status_codes.py",
      0.2884,
      1.0
    ],
    [
      "httpx/_transports/mock.py",
      0.2302,
      0.38
    ],
    [
      "httpx/__version__.py",
      0.1567,
      1.0
    ]
  ],
  "additions": [
    "httpx/_main.py",
    "httpx/__init__.py",
    "httpx/_transports/default.py",
    "httpx/_api.py",
    "httpx/_content.py",
    "httpx/_types.py",
    "httpx/_config.py",
    "httpx/_transports/base.py",
    "httpx/_transports/asgi.py",
    "httpx/_status_codes.py",
    "httpx/_transports/mock.py",
    "httpx/__version__.py"
  ],
  "cochange_additions": [],
  "msg_additions": [],
  "anchor_promotions": [],
  "testbridge": [],
  "docsbridge": [],
  "confidence_schedule": {
    "schedule": "flat",
    "deep_files": [],
    "signal": {
      "top3_share": 0.204,
      "strong_anchor_agreement": false,
      "n_files": 22
    }
  }
}
bgrep: 22 files, 8380 tokens (indexed 57 files, index 228ms, query 234ms, cache miss, schedule flat)
